High Performance MPEG 1.0/2.0/2.5 Audio Player for Layers 1, 2 and 3
	version 1.20.1; written and copyright by Michael Hipp and others
	free software (LGPL) without any warranty but with best wishes

Directory: ./
Playing MPEG stream 1 of 1: 3-06 Armadillo Armageddon [MMX - Armored Armadillo Stage, MMX5 - The Skiver Stage] (WillRock).mp3 ...

MPEG 1.0 layer III, VBR, 44100 Hz joint-stereo
Title:   Armadillo Armageddon (MMX - Armored Armadillo Stage, MMX5 - The Skiver Stage)
Artist:  WillRock
Comment: http://maverick.ocremix.org
Maverick Rising
Album:   Mega Man X: Maverick Rising
Year:    2012                            Genre:  Game

[0:34] Decoding of 3-06 Armadillo Armageddon [MMX - Armored Armadillo Stage, MMX5 - The Skiver Stage] (WillRock).mp3 finished.
High Performance MPEG 1.0/2.0/2.5 Audio Player for Layers 1, 2 and 3
	version 1.20.1; written and copyright by Michael Hipp and others
	free software (LGPL) without any warranty but with best wishes

Directory: ./
Playing MPEG stream 1 of 1: 4-08 Catch the Eagle [MMX3 - Blizzard Buffalo Stage, MMX5 - The Skiver Stage] (WillRock).mp3 ...

MPEG 1.0 layer III, VBR, 44100 Hz joint-stereo
Title:   Catch the Eagle (MMX3 - Blizzard Buffalo Stage, MMX5 - The Skiver Stage)
Artist:  WillRock
Comment: http://maverick.ocremix.org
Maverick Rising
Album:   Mega Man X: Maverick Rising
Year:    2012                            Genre:  Game

[0:09] Decoding of 4-08 Catch the Eagle [MMX3 - Blizzard Buffalo Stage, MMX5 - The Skiver Stage] (WillRock).mp3 finished.
